2017-08-04 16:22:30,504 - Amunra.py - INFO: Starting Osiris
2017-08-04 17:16:17,467 - Amunra.py - INFO: Starting Osiris
2017-08-04 17:16:17,498 - Amunra.py - INFO: Importing modules
2017-08-04 17:16:55,866 - Amunra.py - INFO: Starting Osiris
2017-08-04 17:16:55,871 - Amunra.py - INFO: Importing modules
2017-08-04 17:23:56,487 - Amunra.py - INFO: Starting Osiris
2017-08-04 17:23:56,492 - Amunra.py - INFO: Importing modules
2017-08-04 18:06:52,260 - Amunra.py - INFO: Starting Osiris
2017-08-04 18:06:52,264 - Amunra.py - INFO: Importing modules
2017-08-04 18:07:14,669 - Amunra.py - INFO: Starting Osiris
2017-08-04 18:07:14,675 - Amunra.py - INFO: Importing modules
2017-08-04 18:09:09,813 - Amunra.py - INFO: Starting Osiris
2017-08-04 18:09:43,182 - Amunra.py - INFO: Starting Osiris
2017-08-04 18:09:43,186 - Amunra.py - INFO: Importing modules
2017-08-04 18:16:02,072 - Amunra.py - INFO: Starting Osiris
2017-08-04 18:16:02,076 - Amunra.py - INFO: Importing modules
2017-08-04 18:16:30,930 - Amunra.py - INFO: Starting Osiris
2017-08-04 18:16:30,935 - Amunra.py - INFO: Importing modules
2017-08-04 18:22:23,641 - Amunra.py - INFO: Starting Osiris
2017-08-04 18:22:23,646 - Amunra.py - INFO: Importing modules
2017-08-04 18:22:23,650 - agent.py - INFO: Starting Osiris
2017-08-04 18:23:39,418 - Amunra.py - INFO: Starting Osiris
2017-08-04 18:23:39,423 - Amunra.py - INFO: Importing modules
2017-08-04 18:25:11,774 - Amunra.py - INFO: Starting Osiris
2017-08-04 18:25:11,779 - Amunra.py - INFO: Importing modules
2017-08-04 18:28:46,059 - Amunra.py - INFO: Starting Osiris
2017-08-04 18:28:46,064 - Amunra.py - INFO: Importing modules
2017-08-04 20:39:26,200 - Amunra.py - INFO: Starting Osiris
2017-08-04 20:39:26,242 - Amunra.py - INFO: Importing modules
2017-08-04 20:51:06,657 - Amunra.py - INFO: Starting Osiris
2017-08-04 20:51:06,662 - Amunra.py - INFO: Importing modules
2017-08-04 20:51:25,028 - Amunra.py - INFO: Starting Osiris
2017-08-04 20:51:25,033 - Amunra.py - INFO: Importing modules
2017-08-04 20:55:24,049 - Amunra.py - INFO: Starting Osiris
2017-08-04 20:55:24,054 - Amunra.py - INFO: Importing modules
2017-08-04 20:56:34,829 - Amunra.py - INFO: Starting Osiris
2017-08-04 20:56:34,834 - Amunra.py - INFO: Importing modules
2017-08-04 20:59:00,590 - Amunra.py - INFO: Starting Osiris
2017-08-04 20:59:00,594 - Amunra.py - INFO: Importing modules
2017-08-04 21:02:04,939 - Amunra.py - INFO: Starting Osiris
2017-08-04 21:02:04,945 - Amunra.py - INFO: Importing modules
2017-08-04 21:04:08,349 - Amunra.py - INFO: Starting Osiris
2017-08-04 21:04:08,354 - Amunra.py - INFO: Importing modules
2017-08-04 21:04:08,364 - Amunra.py - INFO: Importing done
2017-08-04 21:06:54,746 - Amunra.py - INFO: Starting Osiris
2017-08-04 21:06:54,750 - Amunra.py - INFO: Importing modules
2017-08-04 21:06:54,753 - Amunra.py - INFO: Importing done
2017-08-04 21:07:13,870 - Amunra.py - INFO: Starting Osiris
2017-08-04 21:07:13,874 - Amunra.py - INFO: Importing modules
2017-08-04 21:07:13,877 - Amunra.py - INFO: Importing done
2017-08-04 21:07:13,877 - wcom.py - INFO: client:1000 
2017-08-04 21:07:13,878 - Amunra.py - INFO: reader starts
2017-08-04 21:07:13,982 - Amunra.py - DEBUG: 
2017-08-04 21:07:17,023 - Amunra.py - INFO: * daemon not running. starting it now on port 5037 *
* daemon started successfully *

2017-08-04 21:10:27,247 - Amunra.py - DEBUG: 
2017-08-04 21:10:28,487 - Amunra.py - INFO: Starting Osiris
2017-08-04 21:10:28,492 - Amunra.py - INFO: Importing modules
2017-08-04 21:10:28,493 - agent.py - INFO: agent: OK
2017-08-04 21:10:28,495 - user.py - INFO: user:OK
2017-08-04 21:10:28,501 - light.py - INFO: light:OK
2017-08-04 21:10:28,503 - ir.py - INFO: ir:OK
2017-08-04 21:10:28,503 - room.py - INFO: user:OK
2017-08-04 21:10:28,503 - Amunra.py - INFO: Importing done
2017-08-04 21:10:28,505 - Amunra.py - INFO: reader starts
2017-08-04 21:10:28,511 - Amunra.py - DEBUG: 
2017-08-04 21:10:31,522 - Amunra.py - INFO: * daemon not running. starting it now on port 5037 *
* daemon started successfully *

2017-08-04 21:11:23,924 - Amunra.py - DEBUG: 
2017-08-04 21:11:24,965 - Amunra.py - INFO: Starting Osiris
2017-08-04 21:11:24,969 - Amunra.py - INFO: Importing modules
2017-08-04 21:11:24,970 - agent.py - INFO: agent: OK
2017-08-04 21:11:24,971 - user.py - INFO: user:OK
2017-08-04 21:11:24,972 - light.py - INFO: light:OK
2017-08-04 21:11:24,972 - ir.py - INFO: ir:OK
2017-08-04 21:11:24,973 - room.py - INFO: user:OK
2017-08-04 21:11:24,973 - Amunra.py - INFO: Importing done
2017-08-04 21:11:24,974 - Amunra.py - INFO: reader starts
2017-08-04 21:11:24,979 - Amunra.py - DEBUG: 
2017-08-04 21:11:27,989 - Amunra.py - INFO: * daemon not running. starting it now on port 5037 *
* daemon started successfully *

2017-08-04 21:13:14,943 - Amunra.py - DEBUG: 
2017-08-04 21:13:16,096 - Amunra.py - INFO: Starting Osiris
2017-08-04 21:13:16,100 - Amunra.py - INFO: Importing modules
2017-08-04 21:13:16,104 - agent.py - INFO: agent: OK
2017-08-04 21:13:16,105 - user.py - INFO: user:OK
2017-08-04 21:13:16,106 - light.py - INFO: light:OK
2017-08-04 21:13:16,106 - ir.py - INFO: ir:OK
2017-08-04 21:13:16,107 - room.py - INFO: user:OK
2017-08-04 21:13:16,107 - Amunra.py - INFO: Importing done
2017-08-04 21:13:16,108 - Amunra.py - INFO: reader starts
2017-08-04 21:13:16,114 - Amunra.py - DEBUG: 
2017-08-04 21:13:19,125 - Amunra.py - INFO: * daemon not running. starting it now on port 5037 *
* daemon started successfully *

2017-08-04 21:14:10,295 - Amunra.py - ERROR: unknown command type
2017-08-04 21:14:14,199 - Amunra.py - DEBUG: 
2017-08-04 21:14:15,413 - Amunra.py - INFO: Starting Osiris
2017-08-04 21:14:15,418 - Amunra.py - INFO: Importing modules
2017-08-04 21:14:15,419 - agent.py - INFO: agent: OK
2017-08-04 21:14:15,419 - user.py - INFO: user:OK
2017-08-04 21:14:15,420 - light.py - INFO: light:OK
2017-08-04 21:14:15,421 - ir.py - INFO: ir:OK
2017-08-04 21:14:15,421 - room.py - INFO: user:OK
2017-08-04 21:14:15,422 - Amunra.py - INFO: Importing done
2017-08-04 21:14:15,423 - Amunra.py - INFO: reader starts
2017-08-04 21:14:15,429 - Amunra.py - DEBUG: 
2017-08-04 21:14:18,440 - Amunra.py - INFO: * daemon not running. starting it now on port 5037 *
* daemon started successfully *

2017-08-04 21:16:34,274 - Amunra.py - DEBUG: 
2017-08-04 21:16:35,393 - Amunra.py - INFO: Starting Osiris
2017-08-04 21:16:35,398 - Amunra.py - INFO: Importing modules
2017-08-04 21:16:35,399 - agent.py - INFO: agent: OK
2017-08-04 21:16:35,399 - user.py - INFO: user:OK
2017-08-04 21:16:35,406 - light.py - INFO: light:OK
2017-08-04 21:16:35,407 - ir.py - INFO: ir:OK
2017-08-04 21:16:35,407 - room.py - INFO: user:OK
2017-08-04 21:16:35,407 - Amunra.py - INFO: Importing done
2017-08-04 21:16:35,408 - Amunra.py - INFO: reader starts
2017-08-04 21:16:35,414 - Amunra.py - DEBUG: 
2017-08-04 21:16:38,426 - Amunra.py - INFO: * daemon not running. starting it now on port 5037 *
* daemon started successfully *

2017-08-04 21:16:38,513 - user.py - INFO: user-aitch-: s,,,aitch,True,,,0,myroom,,l,1,0,main light,,l,1,1,RGB Strip,,w,0,right window,,w,1,left window,,ir,tv,0,TV,,a,0,Fire Stick,,,1,kitchen,,l,1,0,mainlight,,w,0,main window,,w,1,side window
2017-08-04 21:16:38,514 - user.py - INFO: user-other-: s,,,other,False,,,0,myroom,,l,1,0,main light,,l,1,1,RGB Strip,,w,0,right window,,w,1,left window,,ir,tv,0,TV,,a,0,Fire Stick,,,1,kitchen,,l,1,0,mainlight,,w,0,main window,,w,1,side window
2017-08-04 23:48:49,179 - Amunra.py - DEBUG: 
2017-08-04 23:48:56,625 - Amunra.py - INFO: Starting Osiris
2017-08-04 23:48:56,698 - Amunra.py - INFO: Importing modules
2017-08-04 23:48:56,717 - agent.py - INFO: agent: OK
2017-08-04 23:48:56,718 - user.py - INFO: user:OK
2017-08-04 23:48:56,720 - light.py - INFO: light:OK
2017-08-04 23:48:56,722 - ir.py - INFO: ir:OK
2017-08-04 23:48:56,722 - room.py - INFO: user:OK
2017-08-04 23:48:56,722 - Amunra.py - INFO: Importing done
2017-08-04 23:48:56,723 - Amunra.py - INFO: reader starts
2017-08-04 23:48:56,730 - Amunra.py - DEBUG: 
2017-08-04 23:48:59,821 - Amunra.py - INFO: * daemon not running. starting it now on port 5037 *
* daemon started successfully *

2017-08-04 23:50:04,974 - Amunra.py - DEBUG: 
2017-08-04 23:50:06,181 - Amunra.py - INFO: Starting Osiris
2017-08-04 23:50:06,186 - Amunra.py - INFO: Importing modules
2017-08-04 23:50:06,187 - agent.py - INFO: agent: OK
2017-08-04 23:50:06,191 - user.py - INFO: user:OK
2017-08-04 23:50:06,192 - light.py - INFO: light:OK
2017-08-04 23:50:06,193 - ir.py - INFO: ir:OK
2017-08-04 23:50:06,193 - room.py - INFO: user:OK
2017-08-04 23:50:06,193 - Amunra.py - INFO: Importing done
2017-08-04 23:50:06,194 - Amunra.py - INFO: reader starts
2017-08-04 23:50:06,202 - Amunra.py - DEBUG: 
2017-08-04 23:50:09,211 - Amunra.py - INFO: * daemon not running. starting it now on port 5037 *
* daemon started successfully *

2017-08-04 23:51:54,030 - Amunra.py - DEBUG: 
2017-08-04 23:51:55,362 - Amunra.py - INFO: Starting Osiris
2017-08-04 23:51:55,366 - Amunra.py - INFO: Importing modules
2017-08-04 23:51:55,367 - agent.py - INFO: agent: OK
2017-08-04 23:51:55,371 - user.py - INFO: user:OK
2017-08-04 23:51:55,372 - light.py - INFO: light:OK
2017-08-04 23:51:55,373 - ir.py - INFO: ir:OK
2017-08-04 23:51:55,373 - room.py - INFO: user:OK
2017-08-04 23:51:55,374 - Amunra.py - INFO: Importing done
2017-08-04 23:51:55,375 - Amunra.py - INFO: reader starts
2017-08-04 23:51:55,382 - Amunra.py - DEBUG: 
2017-08-04 23:51:58,394 - Amunra.py - INFO: * daemon not running. starting it now on port 5037 *
* daemon started successfully *

2017-08-04 23:54:23,704 - Amunra.py - DEBUG: 
2017-08-04 23:54:24,824 - Amunra.py - INFO: Starting Osiris
2017-08-04 23:54:24,828 - Amunra.py - INFO: Importing modules
2017-08-04 23:54:24,832 - agent.py - INFO: agent: OK
2017-08-04 23:54:24,834 - user.py - INFO: user:OK
2017-08-04 23:54:24,834 - light.py - INFO: light:OK
2017-08-04 23:54:24,835 - ir.py - INFO: ir:OK
2017-08-04 23:54:24,836 - room.py - INFO: user:OK
2017-08-04 23:54:24,836 - Amunra.py - INFO: Importing done
2017-08-04 23:54:24,837 - Amunra.py - INFO: reader starts
2017-08-04 23:54:24,844 - Amunra.py - DEBUG: 
2017-08-04 23:54:27,856 - Amunra.py - INFO: * daemon not running. starting it now on port 5037 *
* daemon started successfully *

2017-08-04 23:54:50,562 - Amunra.py - ERROR: unknown protocol
2017-08-04 23:54:53,357 - Amunra.py - DEBUG: 
2017-08-04 23:54:54,317 - Amunra.py - INFO: Starting Osiris
2017-08-04 23:54:54,321 - Amunra.py - INFO: Importing modules
2017-08-04 23:54:54,322 - agent.py - INFO: agent: OK
2017-08-04 23:54:54,326 - user.py - INFO: user:OK
2017-08-04 23:54:54,327 - light.py - INFO: light:OK
2017-08-04 23:54:54,327 - ir.py - INFO: ir:OK
2017-08-04 23:54:54,327 - room.py - INFO: user:OK
2017-08-04 23:54:54,328 - Amunra.py - INFO: Importing done
2017-08-04 23:54:54,329 - Amunra.py - INFO: reader starts
2017-08-04 23:54:54,336 - Amunra.py - DEBUG: 
2017-08-04 23:54:57,347 - Amunra.py - INFO: * daemon not running. starting it now on port 5037 *
* daemon started successfully *

2017-08-04 23:54:57,449 - user.py - INFO: user-aitch-: s,,,aitch,True,,,0,myroom,,l,1,0,main light,,l,1,1,RGB Strip,,w,0,right window,,w,1,left window,,ir,tv,0,TV,,a,0,Fire Stick,,,1,kitchen,,l,1,0,mainlight,,w,0,main window,,w,1,side window
2017-08-05 00:05:28,191 - Amunra.py - DEBUG: 
2017-08-05 00:05:30,234 - Amunra.py - INFO: Starting Osiris
2017-08-05 00:05:30,239 - Amunra.py - INFO: Importing modules
2017-08-05 00:05:30,240 - agent.py - INFO: agent: OK
2017-08-05 00:05:30,243 - user.py - INFO: user:OK
2017-08-05 00:05:30,244 - light.py - INFO: light:OK
2017-08-05 00:05:30,245 - ir.py - INFO: ir:OK
2017-08-05 00:05:30,245 - room.py - INFO: user:OK
2017-08-05 00:05:30,246 - Amunra.py - INFO: Importing done
2017-08-05 00:05:30,247 - Amunra.py - INFO: reader starts
2017-08-05 00:05:30,255 - Amunra.py - DEBUG: 
2017-08-05 00:05:33,267 - Amunra.py - INFO: * daemon not running. starting it now on port 5037 *
* daemon started successfully *

2017-08-05 00:05:33,361 - user.py - INFO: user-aitch-: s,,,aitch,True,,,0,myroom,,l,1,0,main light,,l,1,1,RGB Strip,,w,0,right window,,w,1,left window,,ir,tv,0,TV,,a,0,Fire Stick,,,1,kitchen,,l,1,0,mainlight,,w,0,main window,,w,1,side window
2017-08-05 00:06:17,886 - Amunra.py - DEBUG: 
2017-08-05 00:06:18,759 - Amunra.py - INFO: Starting Osiris
2017-08-05 00:06:18,763 - Amunra.py - INFO: Importing modules
2017-08-05 00:06:18,764 - agent.py - INFO: agent: OK
2017-08-05 00:06:18,768 - user.py - INFO: user:OK
2017-08-05 00:06:18,769 - light.py - INFO: light:OK
2017-08-05 00:06:18,770 - ir.py - INFO: ir:OK
2017-08-05 00:06:18,770 - room.py - INFO: user:OK
2017-08-05 00:06:18,770 - Amunra.py - INFO: Importing done
2017-08-05 00:06:18,771 - Amunra.py - INFO: reader starts
2017-08-05 00:06:18,778 - Amunra.py - DEBUG: 
2017-08-05 00:06:21,790 - Amunra.py - INFO: * daemon not running. starting it now on port 5037 *
* daemon started successfully *

2017-08-05 00:06:21,898 - user.py - INFO: user-aitch-: s,,,aitch,True,,,0,myroom,,l,1,0,main light,,l,1,1,RGB Strip,,w,0,right window,,w,1,left window,,ir,tv,0,TV,,a,0,Fire Stick,,,1,kitchen,,l,1,0,mainlight,,w,0,main window,,w,1,side window
2017-08-05 00:06:44,961 - Amunra.py - DEBUG: 
2017-08-05 00:06:46,227 - Amunra.py - INFO: Starting Osiris
2017-08-05 00:06:46,232 - Amunra.py - INFO: Importing modules
2017-08-05 00:06:46,233 - agent.py - INFO: agent: OK
2017-08-05 00:06:46,236 - user.py - INFO: user:OK
2017-08-05 00:06:46,237 - light.py - INFO: light:OK
2017-08-05 00:06:46,238 - ir.py - INFO: ir:OK
2017-08-05 00:06:46,238 - room.py - INFO: user:OK
2017-08-05 00:06:46,239 - Amunra.py - INFO: Importing done
2017-08-05 00:06:46,240 - Amunra.py - INFO: reader starts
2017-08-05 00:06:46,247 - Amunra.py - DEBUG: 
2017-08-05 00:06:49,258 - Amunra.py - INFO: * daemon not running. starting it now on port 5037 *
* daemon started successfully *

2017-08-05 00:06:49,342 - user.py - INFO: user-aitch-: s,,,aitch,True,,,0,myroom,,l,1,0,main light,,l,1,1,RGB Strip,,w,0,right window,,w,1,left window,,ir,tv,0,TV,,a,0,Fire Stick,,,1,kitchen,,l,1,0,mainlight,,w,0,main window,,w,1,side window
2017-08-05 00:10:42,384 - Amunra.py - DEBUG: 
2017-08-05 00:10:43,227 - Amunra.py - INFO: Starting Osiris
2017-08-05 00:10:43,231 - Amunra.py - INFO: Importing modules
2017-08-05 00:10:43,232 - agent.py - INFO: agent: OK
2017-08-05 00:10:43,236 - user.py - INFO: user:OK
2017-08-05 00:10:43,237 - light.py - INFO: light:OK
2017-08-05 00:10:43,238 - ir.py - INFO: ir:OK
2017-08-05 00:10:43,238 - room.py - INFO: user:OK
2017-08-05 00:10:43,238 - Amunra.py - INFO: Importing done
2017-08-05 00:10:43,240 - Amunra.py - INFO: reader starts
2017-08-05 00:10:43,247 - Amunra.py - DEBUG: 
2017-08-05 00:10:46,258 - Amunra.py - INFO: * daemon not running. starting it now on port 5037 *
* daemon started successfully *

2017-08-05 00:10:46,299 - user.py - INFO: user-aitch-: s,,,aitch,True,,,0,myroom,,l,1,0,main light,,l,1,1,RGB Strip,,w,0,right window,,w,1,left window,,ir,tv,0,TV,,a,0,Fire Stick,,,1,kitchen,,l,1,0,mainlight,,w,0,main window,,w,1,side window
2017-08-05 00:12:49,433 - Amunra.py - DEBUG: 
2017-08-05 00:12:50,420 - Amunra.py - INFO: Starting Osiris
2017-08-05 00:12:50,425 - Amunra.py - INFO: Importing modules
2017-08-05 00:12:50,425 - agent.py - INFO: agent: OK
2017-08-05 00:12:50,429 - user.py - INFO: user:OK
2017-08-05 00:12:50,430 - light.py - INFO: light:OK
2017-08-05 00:12:50,431 - ir.py - INFO: ir:OK
2017-08-05 00:12:50,431 - room.py - INFO: user:OK
2017-08-05 00:12:50,431 - Amunra.py - INFO: Importing done
2017-08-05 00:12:50,433 - Amunra.py - INFO: reader starts
2017-08-05 00:12:50,439 - Amunra.py - DEBUG: 
2017-08-05 00:12:53,451 - Amunra.py - INFO: * daemon not running. starting it now on port 5037 *
* daemon started successfully *

2017-08-05 00:12:53,788 - user.py - INFO: user-aitch-: s,,,aitch,True,,,0,myroom,,l,1,0,main light,,l,1,1,RGB Strip,,w,0,right window,,w,1,left window,,ir,tv,0,TV,,a,0,Fire Stick,,,1,kitchen,,l,1,0,mainlight,,w,0,main window,,w,1,side window
2017-08-05 00:12:53,789 - user.py - ERROR: user-aitch-: compile error
2017-08-05 00:14:11,728 - Amunra.py - DEBUG: 
2017-08-05 00:14:12,535 - Amunra.py - INFO: Starting Osiris
2017-08-05 00:14:12,539 - Amunra.py - INFO: Importing modules
2017-08-05 00:14:12,540 - agent.py - INFO: agent: OK
2017-08-05 00:14:12,544 - user.py - INFO: user:OK
2017-08-05 00:14:12,545 - light.py - INFO: light:OK
2017-08-05 00:14:12,546 - ir.py - INFO: ir:OK
2017-08-05 00:14:12,546 - room.py - INFO: user:OK
2017-08-05 00:14:12,547 - Amunra.py - INFO: Importing done
2017-08-05 00:14:12,548 - Amunra.py - INFO: reader starts
2017-08-05 00:14:12,555 - Amunra.py - DEBUG: 
2017-08-05 00:14:15,564 - Amunra.py - INFO: * daemon not running. starting it now on port 5037 *
* daemon started successfully *

2017-08-05 00:14:15,608 - user.py - INFO: user-aitch-: s,,,aitch,True,,,0,myroom,,l,1,0,main light,,l,1,1,RGB Strip,,w,0,right window,,w,1,left window,,ir,tv,0,TV,,a,0,Fire Stick,,,1,kitchen,,l,1,0,mainlight,,w,0,main window,,w,1,side window
2017-08-05 00:14:15,609 - userfile - INFO: updated
2017-08-05 00:23:09,809 - Amunra.py - DEBUG: 
2017-08-05 00:23:10,744 - Amunra.py - INFO: Starting Osiris
2017-08-05 00:23:10,750 - Amunra.py - INFO: Importing modules
2017-08-05 00:23:10,757 - agent.py - INFO: agent: OK
2017-08-05 00:23:10,759 - user.py - INFO: user:OK
2017-08-05 00:23:10,761 - light.py - INFO: light:OK
2017-08-05 00:23:10,762 - ir.py - INFO: ir:OK
2017-08-05 00:23:10,762 - room.py - INFO: user:OK
2017-08-05 00:23:10,762 - Amunra.py - INFO: Importing done
2017-08-05 00:23:10,763 - Amunra.py - INFO: reader starts
2017-08-05 00:23:10,769 - Amunra.py - DEBUG: 
2017-08-05 00:23:13,779 - Amunra.py - INFO: * daemon not running. starting it now on port 5037 *
* daemon started successfully *

2017-08-05 00:23:13,834 - user.py - INFO: user-aitch-: s,,,aitch,True,,,0,myroom,,l,1,0,main light,,l,1,1,RGB Strip,,w,0,right window,,w,1,left window,,ir,tv,0,TV,,a,0,Fire Stick,,,1,kitchen,,l,1,0,mainlight,,w,0,main window,,w,1,side window
2017-08-05 00:23:13,835 - userfile - INFO: updated
2017-08-05 00:25:42,534 - Amunra.py - DEBUG: 
2017-08-05 00:25:44,253 - Amunra.py - INFO: Starting Osiris
2017-08-05 00:25:44,260 - Amunra.py - INFO: Importing modules
2017-08-05 00:25:44,261 - agent.py - INFO: agent: OK
2017-08-05 00:25:44,268 - user.py - INFO: user:OK
2017-08-05 00:25:44,270 - light.py - INFO: light:OK
2017-08-05 00:25:44,271 - ir.py - INFO: ir:OK
2017-08-05 00:25:44,271 - room.py - INFO: user:OK
2017-08-05 00:25:44,272 - Amunra.py - INFO: Importing done
2017-08-05 00:25:44,273 - Amunra.py - INFO: reader starts
2017-08-05 00:25:44,277 - Amunra.py - DEBUG: 
2017-08-05 00:25:47,287 - Amunra.py - INFO: * daemon not running. starting it now on port 5037 *
* daemon started successfully *

2017-08-05 00:26:07,421 - Amunra.py - DEBUG: 
2017-08-05 00:26:08,840 - Amunra.py - INFO: Starting Osiris
2017-08-05 00:26:08,846 - Amunra.py - INFO: Importing modules
2017-08-05 00:26:08,847 - agent.py - INFO: agent: OK
2017-08-05 00:26:08,853 - user.py - INFO: user:OK
2017-08-05 00:26:08,855 - light.py - INFO: light:OK
2017-08-05 00:26:08,856 - ir.py - INFO: ir:OK
2017-08-05 00:26:08,856 - room.py - INFO: user:OK
2017-08-05 00:26:08,856 - Amunra.py - INFO: Importing done
2017-08-05 00:26:08,857 - Amunra.py - INFO: reader starts
2017-08-05 00:26:08,862 - Amunra.py - DEBUG: 
2017-08-05 00:26:11,872 - Amunra.py - INFO: * daemon not running. starting it now on port 5037 *
* daemon started successfully *

2017-08-05 00:27:04,631 - Amunra.py - DEBUG: 
2017-08-05 00:27:05,653 - Amunra.py - INFO: Starting Osiris
2017-08-05 00:27:05,660 - Amunra.py - INFO: Importing modules
2017-08-05 00:27:05,661 - agent.py - INFO: agent: OK
2017-08-05 00:27:05,666 - user.py - INFO: user:OK
2017-08-05 00:27:05,668 - light.py - INFO: light:OK
2017-08-05 00:27:05,669 - ir.py - INFO: ir:OK
2017-08-05 00:27:05,670 - room.py - INFO: user:OK
2017-08-05 00:27:05,670 - Amunra.py - INFO: Importing done
2017-08-05 00:27:05,671 - Amunra.py - INFO: reader starts
2017-08-05 00:27:05,680 - Amunra.py - DEBUG: 
2017-08-05 00:27:08,688 - Amunra.py - INFO: * daemon not running. starting it now on port 5037 *
* daemon started successfully *

2017-08-05 00:27:49,705 - Amunra.py - DEBUG: 
2017-08-05 00:27:51,300 - Amunra.py - INFO: Starting Osiris
2017-08-05 00:27:51,307 - Amunra.py - INFO: Importing modules
2017-08-05 00:27:51,308 - agent.py - INFO: agent: OK
2017-08-05 00:27:51,313 - user.py - INFO: user:OK
2017-08-05 00:27:51,315 - light.py - INFO: light:OK
2017-08-05 00:27:51,316 - ir.py - INFO: ir:OK
2017-08-05 00:27:51,316 - room.py - INFO: user:OK
2017-08-05 00:27:51,316 - Amunra.py - INFO: Importing done
2017-08-05 00:27:51,317 - Amunra.py - INFO: reader starts
2017-08-05 00:27:51,323 - Amunra.py - DEBUG: 
2017-08-05 00:27:54,331 - Amunra.py - INFO: * daemon not running. starting it now on port 5037 *
* daemon started successfully *

2017-08-05 00:27:54,815 - user.py - INFO: user-aitch-: s,,,aitch,True,,,0,myroom,,l,1,0,main light,,l,1,1,RGB Strip,,w,0,right window,,w,1,left window,,ir,tv,0,TV,,a,0,Fire Stick,,,1,kitchen,,l,1,0,mainlight,,w,0,main window,,w,1,side window
2017-08-05 00:27:54,815 - userfile - INFO: updated
2017-08-05 00:29:29,108 - Amunra.py - DEBUG: 
2017-08-05 00:29:30,530 - Amunra.py - INFO: Starting Osiris
2017-08-05 00:29:30,536 - Amunra.py - INFO: Importing modules
2017-08-05 00:29:30,537 - agent.py - INFO: agent: OK
2017-08-05 00:29:30,537 - user.py - INFO: user:OK
2017-08-05 00:29:30,539 - light.py - INFO: light:OK
2017-08-05 00:29:30,539 - ir.py - INFO: ir:OK
2017-08-05 00:29:30,540 - room.py - INFO: user:OK
2017-08-05 00:29:30,540 - Amunra.py - INFO: Importing done
2017-08-05 00:29:30,541 - Amunra.py - INFO: reader starts
2017-08-05 00:29:30,548 - Amunra.py - DEBUG: 
2017-08-05 00:29:33,558 - Amunra.py - INFO: * daemon not running. starting it now on port 5037 *
* daemon started successfully *

2017-08-05 00:29:33,639 - user.py - INFO: user-aitch-: s,,,aitch,True,,,0,myroom,,l,1,0,main light,,l,1,1,RGB Strip,,w,0,right window,,w,1,left window,,ir,tv,0,TV,,a,0,Fire Stick,,,1,kitchen,,l,1,0,mainlight,,w,0,main window,,w,1,side window
2017-08-05 00:29:33,640 - userfile - INFO: updated
2017-08-05 00:34:42,359 - Amunra.py - DEBUG: 
2017-08-05 00:34:44,059 - Amunra.py - INFO: Starting Osiris
2017-08-05 00:34:44,067 - Amunra.py - INFO: Importing modules
2017-08-05 00:34:44,068 - agent.py - INFO: agent: OK
2017-08-05 00:34:44,069 - user.py - INFO: user:OK
2017-08-05 00:34:44,071 - light.py - INFO: light:OK
2017-08-05 00:34:44,072 - ir.py - INFO: ir:OK
2017-08-05 00:34:44,072 - room.py - INFO: user:OK
2017-08-05 00:34:44,073 - Amunra.py - INFO: Importing done
2017-08-05 00:34:44,074 - Amunra.py - INFO: reader starts
2017-08-05 00:34:44,079 - Amunra.py - DEBUG: 
2017-08-05 00:34:47,086 - Amunra.py - INFO: * daemon not running. starting it now on port 5037 *
* daemon started successfully *

2017-08-05 00:34:47,399 - user.py - INFO: user-aitch-: s,,,aitch,True,,,0,myroom,,l,1,0,main light,,l,1,1,RGB Strip,,w,0,right window,,w,1,left window,,ir,tv,0,TV,,a,0,Fire Stick,,,1,kitchen,,l,1,0,mainlight,,w,0,main window,,w,1,side window
2017-08-05 00:34:47,400 - userfile - INFO: user-aitch-: updated
2017-08-05 00:35:27,222 - Amunra.py - DEBUG: 
2017-08-05 00:35:28,150 - Amunra.py - INFO: Starting Osiris
2017-08-05 00:35:28,155 - Amunra.py - INFO: Importing modules
2017-08-05 00:35:28,156 - agent.py - INFO: agent: OK
2017-08-05 00:35:28,159 - user.py - INFO: user:OK
2017-08-05 00:35:28,160 - light.py - INFO: light:OK
2017-08-05 00:35:28,161 - ir.py - INFO: ir:OK
2017-08-05 00:35:28,161 - room.py - INFO: user:OK
2017-08-05 00:35:28,162 - Amunra.py - INFO: Importing done
2017-08-05 00:35:28,163 - Amunra.py - INFO: reader starts
2017-08-05 00:35:28,170 - Amunra.py - DEBUG: 
2017-08-05 00:35:31,181 - Amunra.py - INFO: * daemon not running. starting it now on port 5037 *
* daemon started successfully *

2017-08-05 00:35:31,244 - user.py - INFO: user-aitch: s,,,aitch,True,,,0,myroom,,l,1,0,main light,,l,1,1,RGB Strip,,w,0,right window,,w,1,left window,,ir,tv,0,TV,,a,0,Fire Stick,,,1,kitchen,,l,1,0,mainlight,,w,0,main window,,w,1,side window
2017-08-05 00:35:31,245 - userfile - INFO: user-aitch: rules updated
2017-08-05 00:36:42,075 - Amunra.py - DEBUG: 
2017-08-05 22:45:02,556 - Amunra.py - INFO: Starting Osiris
2017-08-05 22:45:02,637 - Amunra.py - INFO: Importing modules
2017-08-05 22:45:02,669 - agent.py - INFO: agent: OK
2017-08-05 22:46:28,833 - Amunra.py - INFO: Starting Osiris
2017-08-05 22:46:28,838 - Amunra.py - INFO: Importing modules
2017-08-05 22:46:28,839 - agent.py - INFO: agent: OK
2017-08-05 22:46:28,843 - user.py - INFO: user:OK
2017-08-05 22:46:28,879 - light.py - INFO: light:OK
2017-08-05 22:46:28,880 - ir.py - INFO: ir:OK
2017-08-05 22:46:28,881 - room.py - INFO: user:OK
2017-08-05 22:46:28,881 - Amunra.py - INFO: Importing done
2017-08-05 22:46:28,881 - wcom.py - INFO: client:1000 
2017-08-05 22:46:28,882 - Amunra.py - INFO: reader starts
2017-08-05 22:46:28,970 - Amunra.py - DEBUG: 
2017-08-05 22:46:31,997 - Amunra.py - INFO: * daemon not running. starting it now on port 5037 *
* daemon started successfully *

2017-08-05 22:46:31,998 - wcom.py - INFO: client:150 
2017-08-05 22:46:31,999 - wcom.py - INFO: client:160 
2017-08-05 22:47:58,087 - Amunra.py - ERROR: unknown command type
2017-08-05 22:48:02,460 - Amunra.py - DEBUG: 
2017-08-05 22:48:03,398 - Amunra.py - INFO: Starting Osiris
2017-08-05 22:48:03,402 - Amunra.py - INFO: Importing modules
2017-08-05 22:48:03,403 - agent.py - INFO: agent: OK
2017-08-05 22:48:03,407 - user.py - INFO: user:OK
2017-08-05 22:48:03,409 - light.py - INFO: light:OK
2017-08-05 22:48:03,409 - ir.py - INFO: ir:OK
2017-08-05 22:48:03,410 - room.py - INFO: user:OK
2017-08-05 22:48:03,410 - Amunra.py - INFO: Importing done
2017-08-05 22:48:03,410 - wcom.py - INFO: client:1000 
2017-08-05 22:48:03,411 - Amunra.py - INFO: reader starts
2017-08-05 22:48:03,417 - Amunra.py - DEBUG: 
2017-08-05 22:48:06,426 - Amunra.py - INFO: * daemon not running. starting it now on port 5037 *
* daemon started successfully *

2017-08-05 22:48:06,426 - wcom.py - INFO: client:150 
2017-08-05 22:48:06,427 - wcom.py - INFO: client:160 
2017-08-05 22:48:06,527 - user.py - ERROR: user-aitch: NameError: compile error
2017-08-05 22:48:06,528 - wcom.py - INFO: client:1001 
2017-08-05 22:48:06,528 - user.py - INFO: user-aitch: ready
2017-08-05 22:48:14,065 - Amunra.py - DEBUG: 
2017-08-05 22:48:15,941 - Amunra.py - INFO: Starting Osiris
2017-08-05 22:48:15,946 - Amunra.py - INFO: Importing modules
2017-08-05 22:48:15,947 - agent.py - INFO: agent: OK
2017-08-05 22:48:15,947 - user.py - INFO: user:OK
2017-08-05 22:48:15,948 - light.py - INFO: light:OK
2017-08-05 22:48:15,949 - ir.py - INFO: ir:OK
2017-08-05 22:48:15,949 - room.py - INFO: user:OK
2017-08-05 22:48:15,950 - Amunra.py - INFO: Importing done
2017-08-05 22:48:15,950 - wcom.py - INFO: client:1000 
2017-08-05 22:48:15,951 - Amunra.py - INFO: reader starts
2017-08-05 22:48:15,958 - Amunra.py - DEBUG: 
2017-08-05 22:48:18,969 - Amunra.py - INFO: * daemon not running. starting it now on port 5037 *
* daemon started successfully *

2017-08-05 22:48:18,970 - wcom.py - INFO: client:150 
2017-08-05 22:48:18,971 - wcom.py - INFO: client:160 
2017-08-05 22:48:19,028 - user.py - ERROR: user-aitch: NameError: compile error
2017-08-05 22:48:19,028 - wcom.py - INFO: client:1001 
2017-08-05 22:48:19,029 - user.py - INFO: user-aitch: ready
2017-08-05 22:49:40,309 - Amunra.py - DEBUG: 
2017-08-05 22:49:41,570 - Amunra.py - INFO: Starting Osiris
2017-08-05 22:49:41,575 - Amunra.py - INFO: Importing modules
2017-08-05 22:49:41,576 - agent.py - INFO: agent: OK
2017-08-05 22:49:41,577 - user.py - INFO: user:OK
2017-08-05 22:49:41,578 - light.py - INFO: light:OK
2017-08-05 22:49:41,578 - ir.py - INFO: ir:OK
2017-08-05 22:49:41,579 - room.py - INFO: user:OK
2017-08-05 22:49:41,579 - Amunra.py - INFO: Importing done
2017-08-05 22:49:41,579 - wcom.py - INFO: client:1000 
2017-08-05 22:49:41,580 - Amunra.py - INFO: reader starts
2017-08-05 22:49:41,587 - Amunra.py - DEBUG: 
2017-08-05 22:49:44,598 - Amunra.py - INFO: * daemon not running. starting it now on port 5037 *
* daemon started successfully *

2017-08-05 22:49:44,599 - wcom.py - INFO: client:150 
2017-08-05 22:49:44,600 - wcom.py - INFO: client:160 
2017-08-05 22:49:44,642 - user.py - ERROR: user-aitch: NameError: compile error
2017-08-05 22:49:44,642 - wcom.py - INFO: client:1001 
2017-08-05 22:49:44,643 - user.py - INFO: user-aitch: ready
2017-08-05 22:51:11,303 - Amunra.py - DEBUG: 
2017-08-05 22:51:12,932 - Amunra.py - INFO: Starting Osiris
2017-08-05 22:51:12,937 - Amunra.py - INFO: Importing modules
2017-08-05 22:51:12,938 - agent.py - INFO: agent: OK
2017-08-05 22:51:12,942 - user.py - INFO: user:OK
2017-08-05 22:51:12,943 - light.py - INFO: light:OK
2017-08-05 22:51:12,944 - ir.py - INFO: ir:OK
2017-08-05 22:51:12,944 - room.py - INFO: user:OK
2017-08-05 22:51:12,945 - Amunra.py - INFO: Importing done
2017-08-05 22:51:12,945 - wcom.py - INFO: client:1000 
2017-08-05 22:51:12,946 - Amunra.py - INFO: reader starts
2017-08-05 22:51:12,953 - Amunra.py - DEBUG: 
2017-08-05 22:51:15,965 - Amunra.py - INFO: * daemon not running. starting it now on port 5037 *
* daemon started successfully *

2017-08-05 22:51:15,966 - wcom.py - INFO: client:150 
2017-08-05 22:51:15,967 - wcom.py - INFO: client:160 
2017-08-05 22:53:00,146 - Amunra.py - DEBUG: 
2017-08-05 22:53:01,449 - Amunra.py - INFO: Starting Osiris
2017-08-05 22:53:01,454 - Amunra.py - INFO: Importing modules
2017-08-05 22:53:01,455 - agent.py - INFO: agent: OK
2017-08-05 22:53:01,459 - user.py - INFO: user:OK
2017-08-05 22:53:01,460 - light.py - INFO: light:OK
2017-08-05 22:53:01,461 - ir.py - INFO: ir:OK
2017-08-05 22:53:01,461 - room.py - INFO: user:OK
2017-08-05 22:53:01,462 - Amunra.py - INFO: Importing done
2017-08-05 22:53:01,462 - wcom.py - INFO: client:1000 
2017-08-05 22:53:01,463 - Amunra.py - INFO: reader starts
2017-08-05 22:53:01,470 - Amunra.py - DEBUG: 
2017-08-05 22:53:04,479 - Amunra.py - INFO: * daemon not running. starting it now on port 5037 *
* daemon started successfully *

2017-08-05 22:53:04,480 - wcom.py - INFO: client:150 
2017-08-05 22:53:04,481 - wcom.py - INFO: client:160 
2017-08-05 22:53:04,518 - aitchRules - INFO: user-aitch: rules updated
2017-08-05 22:53:04,518 - wcom.py - INFO: client:1001 
2017-08-05 22:53:04,519 - user.py - INFO: user-aitch: ready
2017-08-05 23:32:06,113 - Amunra.py - DEBUG: 
2017-08-05 23:32:12,428 - Amunra.py - INFO: Starting Osiris
2017-08-05 23:32:12,474 - Amunra.py - INFO: Importing modules
2017-08-05 23:32:12,520 - agent.py - INFO: agent: OK
2017-08-05 23:32:12,536 - user.py - INFO: user:OK
2017-08-05 23:32:12,538 - light.py - INFO: light:OK
2017-08-05 23:32:12,540 - ir.py - INFO: ir:OK
2017-08-05 23:32:12,540 - room.py - INFO: user:OK
2017-08-05 23:32:12,540 - Amunra.py - INFO: Importing done
2017-08-05 23:32:30,456 - Amunra.py - INFO: Starting Osiris
2017-08-05 23:32:30,461 - Amunra.py - INFO: Importing modules
2017-08-05 23:32:30,462 - agent.py - INFO: agent: OK
2017-08-05 23:32:30,462 - user.py - INFO: user:OK
2017-08-05 23:32:30,464 - light.py - INFO: light:OK
2017-08-05 23:32:30,464 - ir.py - INFO: ir:OK
2017-08-05 23:32:30,465 - room.py - INFO: user:OK
2017-08-05 23:32:30,465 - Amunra.py - INFO: Importing done
2017-08-05 23:33:41,675 - Amunra.py - INFO: Starting Osiris
2017-08-05 23:33:41,681 - Amunra.py - INFO: Importing modules
2017-08-05 23:33:41,682 - agent.py - INFO: agent: OK
2017-08-05 23:33:41,683 - user.py - INFO: user:OK
2017-08-05 23:33:41,684 - light.py - INFO: light:OK
2017-08-05 23:33:41,684 - ir.py - INFO: ir:OK
2017-08-05 23:33:41,685 - room.py - INFO: user:OK
2017-08-05 23:33:41,685 - Amunra.py - INFO: Importing done
2017-08-05 23:34:30,811 - Amunra.py - INFO: Starting Osiris
2017-08-05 23:34:30,816 - Amunra.py - INFO: Importing modules
2017-08-05 23:34:30,817 - agent.py - INFO: agent: OK
2017-08-05 23:34:30,822 - user.py - INFO: user:OK
2017-08-05 23:34:30,824 - light.py - INFO: light:OK
2017-08-05 23:34:30,824 - ir.py - INFO: ir:OK
2017-08-05 23:34:30,825 - room.py - INFO: user:OK
2017-08-05 23:34:30,825 - Amunra.py - INFO: Importing done
2017-08-05 23:34:30,825 - wcom.py - INFO: client:1000 
2017-08-05 23:34:30,898 - Amunra.py - DEBUG: 
2017-08-05 23:34:33,969 - Amunra.py - INFO: * daemon not running. starting it now on port 5037 *
* daemon started successfully *

2017-08-05 23:34:33,970 - wcom.py - INFO: client:150 
2017-08-05 23:34:33,971 - wcom.py - INFO: client:160 
2017-08-05 23:34:34,238 - aitchRules - INFO: user-aitch: rules updated
2017-08-05 23:34:34,238 - wcom.py - INFO: client:1001 
2017-08-05 23:34:34,238 - user.py - INFO: user-aitch: ready
2017-08-05 23:36:00,899 - Amunra.py - INFO: Starting Osiris
2017-08-05 23:36:00,905 - Amunra.py - INFO: Importing modules
2017-08-05 23:36:00,906 - agent.py - INFO: agent: OK
2017-08-05 23:36:00,911 - user.py - INFO: user:OK
2017-08-05 23:36:00,912 - light.py - INFO: light:OK
2017-08-05 23:36:00,913 - ir.py - INFO: ir:OK
2017-08-05 23:36:00,913 - room.py - INFO: user:OK
2017-08-05 23:36:00,914 - Amunra.py - INFO: Importing done
2017-08-05 23:36:00,914 - wcom.py - INFO: client:1000 
2017-08-05 23:36:00,915 - user.py - INFO: reader starts
2017-08-05 23:36:00,922 - Amunra.py - DEBUG: 
2017-08-05 23:36:03,934 - Amunra.py - INFO: * daemon not running. starting it now on port 5037 *
* daemon started successfully *

2017-08-05 23:36:03,935 - wcom.py - INFO: client:150 
2017-08-05 23:36:03,936 - wcom.py - INFO: client:160 
2017-08-05 23:36:04,004 - aitchRules - INFO: user-aitch: rules updated
2017-08-05 23:36:04,005 - wcom.py - INFO: client:1001 
2017-08-05 23:36:04,005 - user.py - INFO: user-aitch: ready
2017-08-05 23:43:59,944 - Amunra.py - INFO: Starting Osiris
2017-08-05 23:43:59,952 - Amunra.py - INFO: Importing modules
2017-08-05 23:43:59,953 - agent.py - INFO: agent: OK
2017-08-05 23:43:59,957 - user.py - INFO: user:OK
2017-08-05 23:43:59,959 - light.py - INFO: light:OK
2017-08-05 23:43:59,960 - ir.py - INFO: ir:OK
2017-08-05 23:43:59,960 - room.py - INFO: user:OK
2017-08-05 23:43:59,961 - Amunra.py - INFO: Importing done
2017-08-05 23:43:59,961 - wcom.py - INFO: client:1000 
2017-08-05 23:43:59,962 - user.py - INFO: reader starts
2017-08-05 23:43:59,967 - Amunra.py - DEBUG: 
2017-08-05 23:44:02,976 - Amunra.py - INFO: * daemon not running. starting it now on port 5037 *
* daemon started successfully *

2017-08-05 23:44:02,976 - wcom.py - INFO: client:150 
2017-08-05 23:44:02,977 - wcom.py - INFO: client:160 
2017-08-05 23:44:03,039 - aitchRules - INFO: user-aitch: rules updated
2017-08-05 23:44:03,039 - wcom.py - INFO: client:1001 
2017-08-05 23:44:03,040 - user.py - INFO: user-aitch: ready
2017-08-05 23:45:00,360 - user.py - ERROR: unknown protocol
2017-08-05 23:45:05,103 - Amunra.py - INFO: Starting Osiris
2017-08-05 23:45:05,108 - Amunra.py - INFO: Importing modules
2017-08-05 23:45:05,109 - agent.py - INFO: agent: OK
2017-08-05 23:45:05,110 - user.py - INFO: user:OK
2017-08-05 23:45:05,111 - light.py - INFO: light:OK
2017-08-05 23:45:05,112 - ir.py - INFO: ir:OK
2017-08-05 23:45:05,112 - room.py - INFO: user:OK
2017-08-05 23:45:05,112 - Amunra.py - INFO: Importing done
2017-08-05 23:45:05,112 - wcom.py - INFO: client:1000 
2017-08-05 23:45:05,113 - user.py - INFO: reader starts
2017-08-05 23:45:05,120 - Amunra.py - DEBUG: 
2017-08-05 23:45:08,131 - Amunra.py - INFO: * daemon not running. starting it now on port 5037 *
* daemon started successfully *

2017-08-05 23:45:08,131 - wcom.py - INFO: client:150 
2017-08-05 23:45:08,132 - wcom.py - INFO: client:160 
2017-08-05 23:45:08,478 - aitchRules - INFO: user-aitch: rules updated
2017-08-05 23:45:08,478 - wcom.py - INFO: client:1001 
2017-08-05 23:45:08,479 - user.py - INFO: user-aitch: ready
2017-08-05 23:47:51,456 - user.py - ERROR: unknown command type
2017-08-06 09:15:21,548 - Amunra.py - INFO: Starting Osiris
2017-08-06 09:15:21,562 - Amunra.py - INFO: Importing modules
2017-08-06 09:15:21,564 - agent.py - INFO: agent: OK
2017-08-06 09:15:21,575 - user.py - INFO: user:OK
2017-08-06 09:15:21,577 - light.py - INFO: light:OK
2017-08-06 09:15:21,578 - ir.py - INFO: ir:OK
2017-08-06 09:15:21,578 - room.py - INFO: user:OK
2017-08-06 09:15:21,578 - Amunra.py - INFO: Importing done
2017-08-06 09:17:52,769 - Amunra.py - INFO: Starting Osiris
2017-08-06 09:17:52,774 - Amunra.py - INFO: Importing modules
2017-08-06 09:17:52,775 - agent.py - INFO: agent: OK
2017-08-06 09:17:52,783 - user.py - INFO: user:OK
2017-08-06 09:17:52,784 - light.py - INFO: light:OK
2017-08-06 09:17:52,785 - ir.py - INFO: ir:OK
2017-08-06 09:17:52,785 - room.py - INFO: user:OK
2017-08-06 09:17:52,785 - Amunra.py - INFO: Importing done
2017-08-06 09:18:45,433 - Amunra.py - INFO: Starting Osiris
2017-08-06 09:18:45,438 - Amunra.py - INFO: Importing modules
2017-08-06 09:18:45,439 - agent.py - INFO: agent: OK
2017-08-06 09:19:32,683 - Amunra.py - INFO: Starting Osiris
2017-08-06 09:19:32,688 - Amunra.py - INFO: Importing modules
2017-08-06 09:19:32,689 - agent.py - INFO: agent: OK
2017-08-06 09:19:32,695 - user.py - INFO: user:OK
2017-08-06 09:19:32,696 - light.py - INFO: light:OK
2017-08-06 09:19:32,697 - ir.py - INFO: ir:OK
2017-08-06 09:19:32,698 - room.py - INFO: user:OK
2017-08-06 09:19:32,698 - Amunra.py - INFO: Importing done
2017-08-06 09:19:32,698 - wcom.py - INFO: client:1000 
2017-08-06 09:19:32,700 - user.py - INFO: reader starts
2017-08-06 09:19:32,708 - Amunra.py - DEBUG: 
2017-08-06 09:19:35,718 - Amunra.py - INFO: * daemon not running. starting it now on port 5037 *
* daemon started successfully *

2017-08-06 09:19:35,718 - wcom.py - INFO: client:150 
2017-08-06 09:19:35,719 - wcom.py - INFO: client:160 
2017-08-06 09:19:35,819 - aitchRules - INFO: user-aitch: rules updated
2017-08-06 09:19:35,819 - wcom.py - INFO: client:1001 
2017-08-06 09:19:35,820 - user.py - INFO: user-aitch: ready
2017-08-10 16:11:45,084 - Amunra.py - INFO: Starting Osiris
2017-08-10 16:11:45,179 - Amunra.py - INFO: Importing modules
2017-08-10 16:11:45,198 - agent.py - INFO: agent: OK
2017-08-10 16:11:45,199 - user.py - INFO: user:OK
2017-08-10 16:11:45,210 - light.py - INFO: light:OK
2017-08-10 16:11:45,212 - window.py - INFO: window:OK
2017-08-10 16:11:45,213 - ir.py - INFO: ir:OK
2017-08-10 16:11:45,213 - room.py - INFO: user:OK
2017-08-10 16:11:45,214 - Amunra.py - INFO: Importing done
2017-08-10 16:11:45,214 - wcom.py - INFO: client:1000 
2017-08-10 16:11:45,237 - user.py - INFO: reader starts
2017-08-10 16:11:45,304 - Amunra.py - DEBUG: 
2017-08-10 16:11:48,354 - Amunra.py - INFO: * daemon not running. starting it now on port 5037 *
* daemon started successfully *

2017-08-10 16:11:48,354 - wcom.py - INFO: client:150 
2017-08-10 16:11:48,355 - wcom.py - INFO: client:160 
2017-08-10 16:15:00,999 - Amunra.py - INFO: Starting Osiris
2017-08-10 16:15:01,004 - Amunra.py - INFO: Importing modules
2017-08-10 16:15:21,372 - Amunra.py - INFO: Starting Osiris
2017-08-10 16:15:21,376 - Amunra.py - INFO: Importing modules
2017-08-10 16:16:52,280 - Amunra.py - INFO: Starting Osiris
2017-08-10 16:16:52,285 - Amunra.py - INFO: Importing modules
2017-08-10 16:16:52,289 - agent.py - INFO: agent: OK
2017-08-10 16:16:52,289 - user.py - INFO: user:OK
2017-08-10 16:16:52,290 - light.py - INFO: light:OK
2017-08-10 16:16:52,291 - window.py - INFO: window:OK
2017-08-10 16:16:52,292 - ir.py - INFO: ir:OK
2017-08-10 16:16:52,292 - room.py - INFO: user:OK
2017-08-10 16:16:52,292 - Amunra.py - INFO: Importing done
2017-08-10 16:16:52,292 - wcom.py - INFO: client:1000 
2017-08-10 16:16:52,294 - user.py - INFO: reader starts
2017-08-10 16:16:52,301 - Amunra.py - DEBUG: 
2017-08-10 16:16:55,312 - Amunra.py - INFO: * daemon not running. starting it now on port 5037 *
* daemon started successfully *

2017-08-10 16:16:55,313 - wcom.py - INFO: client:150 
2017-08-10 16:16:55,314 - wcom.py - INFO: client:160 
2017-08-10 16:23:19,474 - Amunra.py - INFO: Starting Osiris
2017-08-10 16:23:19,479 - Amunra.py - INFO: Importing modules
2017-08-10 16:23:19,480 - agent.py - INFO: agent: OK
2017-08-10 16:23:19,480 - user.py - INFO: user:OK
2017-08-10 16:23:19,482 - light.py - INFO: light:OK
2017-08-10 16:23:19,486 - window.py - INFO: window:OK
2017-08-10 16:23:19,487 - ir.py - INFO: ir:OK
2017-08-10 16:23:19,487 - room.py - INFO: user:OK
2017-08-10 16:23:19,488 - Amunra.py - INFO: Importing done
2017-08-10 16:23:19,488 - wcom.py - INFO: client:1000 
2017-08-10 16:23:19,489 - user.py - INFO: reader starts
2017-08-10 16:23:19,495 - Amunra.py - DEBUG: 
2017-08-10 16:23:22,506 - Amunra.py - INFO: * daemon not running. starting it now on port 5037 *
* daemon started successfully *

2017-08-10 16:23:22,506 - wcom.py - INFO: client:150 
2017-08-10 16:23:22,507 - wcom.py - INFO: client:160 
2017-08-10 16:23:58,650 - Amunra.py - INFO: Starting Osiris
2017-08-10 16:23:58,655 - Amunra.py - INFO: Importing modules
2017-08-10 16:23:58,656 - agent.py - INFO: agent: OK
2017-08-10 16:23:58,656 - user.py - INFO: user:OK
2017-08-10 16:23:58,658 - light.py - INFO: light:OK
2017-08-10 16:23:58,662 - window.py - INFO: window:OK
2017-08-10 16:23:58,663 - ir.py - INFO: ir:OK
2017-08-10 16:23:58,663 - room.py - INFO: user:OK
2017-08-10 16:23:58,664 - Amunra.py - INFO: Importing done
2017-08-10 16:23:58,664 - wcom.py - INFO: client:1000 
2017-08-10 16:23:58,666 - user.py - INFO: reader starts
2017-08-10 16:23:58,670 - Amunra.py - DEBUG: 
2017-08-10 16:24:01,683 - Amunra.py - INFO: * daemon not running. starting it now on port 5037 *
* daemon started successfully *

2017-08-10 16:24:01,684 - wcom.py - INFO: client:150 
2017-08-10 16:24:01,685 - wcom.py - INFO: client:160 
2017-08-10 16:24:04,720 - aitchRules - INFO: user-aitch: rules updated
2017-08-10 16:24:04,721 - wcom.py - INFO: client:1001 
2017-08-10 16:24:04,722 - user.py - INFO: user-aitch: ready
